{"/mnt/c/Users/Student/401/data-structures-and-algorithms401/Data Structuree/linked-list/linked-list.js": {"path":"/mnt/c/Users/Student/401/data-structures-and-algorithms401/Data Structuree/linked-list/linked-list.js","statementMap":{"0":{"start":{"line":2,"column":13},"end":{"line":2,"column":30}},"1":{"start":{"line":7,"column":8},"end":{"line":7,"column":23}},"2":{"start":{"line":12,"column":19},"end":{"line":12,"column":34}},"3":{"start":{"line":17,"column":26},"end":{"line":17,"column":35}},"4":{"start":{"line":18,"column":8},"end":{"line":24,"column":9}},"5":{"start":{"line":19,"column":12},"end":{"line":21,"column":13}},"6":{"start":{"line":20,"column":16},"end":{"line":20,"column":28}},"7":{"start":{"line":23,"column":12},"end":{"line":23,"column":43}},"8":{"start":{"line":25,"column":8},"end":{"line":25,"column":21}},"9":{"start":{"line":30,"column":21},"end":{"line":30,"column":23}},"10":{"start":{"line":31,"column":26},"end":{"line":31,"column":35}},"11":{"start":{"line":33,"column":8},"end":{"line":38,"column":9}},"12":{"start":{"line":35,"column":10},"end":{"line":35,"column":41}},"13":{"start":{"line":36,"column":10},"end":{"line":36,"column":41}},"14":{"start":{"line":40,"column":21},"end":{"line":40,"column":23}},"15":{"start":{"line":42,"column":8},"end":{"line":44,"column":9}},"16":{"start":{"line":42,"column":21},"end":{"line":42,"column":22}},"17":{"start":{"line":43,"column":10},"end":{"line":43,"column":41}},"18":{"start":{"line":46,"column":25},"end":{"line":46,"column":40}},"19":{"start":{"line":47,"column":8},"end":{"line":47,"column":25}},"20":{"start":{"line":54,"column":0},"end":{"line":54,"column":28}}},"fnMap":{"0":{"name":"(anonymous_0)","decl":{"start":{"line":5,"column":4},"end":{"line":5,"column":5}},"loc":{"start":{"line":5,"column":18},"end":{"line":8,"column":5}},"line":5},"1":{"name":"(anonymous_1)","decl":{"start":{"line":11,"column":4},"end":{"line":11,"column":5}},"loc":{"start":{"line":11,"column":18},"end":{"line":13,"column":5}},"line":11},"2":{"name":"(anonymous_2)","decl":{"start":{"line":15,"column":4},"end":{"line":15,"column":5}},"loc":{"start":{"line":15,"column":21},"end":{"line":26,"column":5}},"line":15},"3":{"name":"(anonymous_3)","decl":{"start":{"line":28,"column":4},"end":{"line":28,"column":5}},"loc":{"start":{"line":28,"column":14},"end":{"line":48,"column":7}},"line":28}},"branchMap":{"0":{"loc":{"start":{"line":19,"column":12},"end":{"line":21,"column":13}},"type":"if","locations":[{"start":{"line":19,"column":12},"end":{"line":21,"column":13}},{"start":{"line":19,"column":12},"end":{"line":21,"column":13}}],"line":19}},"s":{"0":3,"1":11,"2":14,"3":2,"4":2,"5":0,"6":0,"7":0,"8":2,"9":0,"10":0,"11":0,"12":0,"13":0,"14":0,"15":0,"16":0,"17":0,"18":0,"19":0,"20":3},"f":{"0":11,"1":14,"2":2,"3":0},"b":{"0":[0,0]},"_coverageSchema":"1a1c01bbd47fc00a2c39e90264f33305004495a9","hash":"2778724c7ca2419b624bdea67c47567568bce25f"}
,"/mnt/c/Users/Student/401/data-structures-and-algorithms401/Data Structuree/linked-list/node.js": {"path":"/mnt/c/Users/Student/401/data-structures-and-algorithms401/Data Structuree/linked-list/node.js","statementMap":{"0":{"start":{"line":4,"column":8},"end":{"line":4,"column":32}},"1":{"start":{"line":5,"column":8},"end":{"line":5,"column":25}},"2":{"start":{"line":8,"column":0},"end":{"line":8,"column":22}}},"fnMap":{"0":{"name":"(anonymous_0)","decl":{"start":{"line":3,"column":4},"end":{"line":3,"column":5}},"loc":{"start":{"line":3,"column":18},"end":{"line":6,"column":5}},"line":3}},"branchMap":{},"s":{"0":18,"1":18,"2":4},"f":{"0":18},"b":{},"_coverageSchema":"1a1c01bbd47fc00a2c39e90264f33305004495a9","hash":"edc03a5b2a116dfc1422967f5fabfd13f5dec21f"}
,"/mnt/c/Users/Student/401/data-structures-and-algorithms401/Data Structuree/ll-insertion/ll-insertion.js": {"path":"/mnt/c/Users/Student/401/data-structures-and-algorithms401/Data Structuree/ll-insertion/ll-insertion.js","statementMap":{"0":{"start":{"line":1,"column":13},"end":{"line":1,"column":43}},"1":{"start":{"line":2,"column":19},"end":{"line":2,"column":56}},"2":{"start":{"line":7,"column":8},"end":{"line":7,"column":25}},"3":{"start":{"line":12,"column":19},"end":{"line":12,"column":34}},"4":{"start":{"line":14,"column":8},"end":{"line":17,"column":9}},"5":{"start":{"line":15,"column":12},"end":{"line":15,"column":29}},"6":{"start":{"line":16,"column":12},"end":{"line":16,"column":24}},"7":{"start":{"line":19,"column":25},"end":{"line":19,"column":34}},"8":{"start":{"line":20,"column":7},"end":{"line":22,"column":8}},"9":{"start":{"line":21,"column":10},"end":{"line":21,"column":41}},"10":{"start":{"line":24,"column":7},"end":{"line":24,"column":31}},"11":{"start":{"line":25,"column":7},"end":{"line":25,"column":19}},"12":{"start":{"line":29,"column":25},"end":{"line":29,"column":34}},"13":{"start":{"line":30,"column":19},"end":{"line":30,"column":37}},"14":{"start":{"line":32,"column":8},"end":{"line":37,"column":9}},"15":{"start":{"line":33,"column":12},"end":{"line":33,"column":35}},"16":{"start":{"line":34,"column":12},"end":{"line":34,"column":29}},"17":{"start":{"line":36,"column":12},"end":{"line":36,"column":24}},"18":{"start":{"line":39,"column":8},"end":{"line":39,"column":39}},"19":{"start":{"line":43,"column":22},"end":{"line":43,"column":31}},"20":{"start":{"line":44,"column":18},"end":{"line":44,"column":40}},"21":{"start":{"line":46,"column":4},"end":{"line":56,"column":5}},"22":{"start":{"line":47,"column":6},"end":{"line":54,"column":7}},"23":{"start":{"line":49,"column":8},"end":{"line":49,"column":40}},"24":{"start":{"line":51,"column":8},"end":{"line":51,"column":35}},"25":{"start":{"line":53,"column":8},"end":{"line":53,"column":14}},"26":{"start":{"line":55,"column":6},"end":{"line":55,"column":37}},"27":{"start":{"line":61,"column":0},"end":{"line":61,"column":26}}},"fnMap":{"0":{"name":"(anonymous_0)","decl":{"start":{"line":6,"column":4},"end":{"line":6,"column":5}},"loc":{"start":{"line":6,"column":18},"end":{"line":8,"column":5}},"line":6},"1":{"name":"(anonymous_1)","decl":{"start":{"line":10,"column":4},"end":{"line":10,"column":5}},"loc":{"start":{"line":10,"column":18},"end":{"line":26,"column":5}},"line":10},"2":{"name":"(anonymous_2)","decl":{"start":{"line":28,"column":4},"end":{"line":28,"column":5}},"loc":{"start":{"line":28,"column":32},"end":{"line":40,"column":5}},"line":28},"3":{"name":"(anonymous_3)","decl":{"start":{"line":42,"column":4},"end":{"line":42,"column":5}},"loc":{"start":{"line":42,"column":30},"end":{"line":57,"column":3}},"line":42}},"branchMap":{"0":{"loc":{"start":{"line":14,"column":8},"end":{"line":17,"column":9}},"type":"if","locations":[{"start":{"line":14,"column":8},"end":{"line":17,"column":9}},{"start":{"line":14,"column":8},"end":{"line":17,"column":9}}],"line":14},"1":{"loc":{"start":{"line":32,"column":8},"end":{"line":37,"column":9}},"type":"if","locations":[{"start":{"line":32,"column":8},"end":{"line":37,"column":9}},{"start":{"line":32,"column":8},"end":{"line":37,"column":9}}],"line":32},"2":{"loc":{"start":{"line":47,"column":6},"end":{"line":54,"column":7}},"type":"if","locations":[{"start":{"line":47,"column":6},"end":{"line":54,"column":7}},{"start":{"line":47,"column":6},"end":{"line":54,"column":7}}],"line":47}},"s":{"0":1,"1":1,"2":5,"3":0,"4":0,"5":0,"6":0,"7":0,"8":0,"9":0,"10":0,"11":0,"12":0,"13":0,"14":0,"15":0,"16":0,"17":0,"18":0,"19":0,"20":0,"21":0,"22":0,"23":0,"24":0,"25":0,"26":0,"27":1},"f":{"0":5,"1":0,"2":0,"3":0},"b":{"0":[0,0],"1":[0,0],"2":[0,0]},"_coverageSchema":"1a1c01bbd47fc00a2c39e90264f33305004495a9","hash":"436973bc21431bbaae2b91553ba55b8fdf78e1d7"}
,"/mnt/c/Users/Student/401/data-structures-and-algorithms401/Data Structuree/ll-kth-from-end/linkedlist.js": {"path":"/mnt/c/Users/Student/401/data-structures-and-algorithms401/Data Structuree/ll-kth-from-end/linkedlist.js","statementMap":{"0":{"start":{"line":2,"column":13},"end":{"line":2,"column":43}},"1":{"start":{"line":7,"column":8},"end":{"line":7,"column":23}},"2":{"start":{"line":12,"column":19},"end":{"line":12,"column":34}},"3":{"start":{"line":17,"column":26},"end":{"line":17,"column":35}},"4":{"start":{"line":18,"column":8},"end":{"line":24,"column":9}},"5":{"start":{"line":19,"column":12},"end":{"line":21,"column":13}},"6":{"start":{"line":20,"column":16},"end":{"line":20,"column":28}},"7":{"start":{"line":23,"column":12},"end":{"line":23,"column":43}},"8":{"start":{"line":25,"column":8},"end":{"line":25,"column":21}},"9":{"start":{"line":29,"column":8},"end":{"line":31,"column":3}},"10":{"start":{"line":30,"column":3},"end":{"line":30,"column":12}},"11":{"start":{"line":32,"column":2},"end":{"line":32,"column":21}},"12":{"start":{"line":33,"column":2},"end":{"line":36,"column":3}},"13":{"start":{"line":34,"column":3},"end":{"line":34,"column":32}},"14":{"start":{"line":35,"column":3},"end":{"line":35,"column":7}},"15":{"start":{"line":37,"column":2},"end":{"line":37,"column":16}},"16":{"start":{"line":38,"column":2},"end":{"line":41,"column":3}},"17":{"start":{"line":39,"column":3},"end":{"line":39,"column":34}},"18":{"start":{"line":40,"column":3},"end":{"line":40,"column":26}},"19":{"start":{"line":42,"column":11},"end":{"line":42,"column":23}},"20":{"start":{"line":43,"column":2},"end":{"line":43,"column":11}},"21":{"start":{"line":48,"column":0},"end":{"line":48,"column":28}}},"fnMap":{"0":{"name":"(anonymous_0)","decl":{"start":{"line":5,"column":4},"end":{"line":5,"column":5}},"loc":{"start":{"line":5,"column":18},"end":{"line":8,"column":5}},"line":5},"1":{"name":"(anonymous_1)","decl":{"start":{"line":11,"column":4},"end":{"line":11,"column":5}},"loc":{"start":{"line":11,"column":18},"end":{"line":13,"column":5}},"line":11},"2":{"name":"(anonymous_2)","decl":{"start":{"line":15,"column":4},"end":{"line":15,"column":5}},"loc":{"start":{"line":15,"column":21},"end":{"line":26,"column":5}},"line":15},"3":{"name":"(anonymous_3)","decl":{"start":{"line":28,"column":4},"end":{"line":28,"column":5}},"loc":{"start":{"line":28,"column":20},"end":{"line":44,"column":5}},"line":28}},"branchMap":{"0":{"loc":{"start":{"line":19,"column":12},"end":{"line":21,"column":13}},"type":"if","locations":[{"start":{"line":19,"column":12},"end":{"line":21,"column":13}},{"start":{"line":19,"column":12},"end":{"line":21,"column":13}}],"line":19},"1":{"loc":{"start":{"line":29,"column":8},"end":{"line":31,"column":3}},"type":"if","locations":[{"start":{"line":29,"column":8},"end":{"line":31,"column":3}},{"start":{"line":29,"column":8},"end":{"line":31,"column":3}}],"line":29}},"s":{"0":1,"1":4,"2":4,"3":0,"4":0,"5":0,"6":0,"7":0,"8":0,"9":0,"10":0,"11":0,"12":0,"13":0,"14":0,"15":0,"16":0,"17":0,"18":0,"19":0,"20":0,"21":1},"f":{"0":4,"1":4,"2":0,"3":0},"b":{"0":[0,0],"1":[0,0]},"_coverageSchema":"1a1c01bbd47fc00a2c39e90264f33305004495a9","hash":"b358927a2bf11643a90622e0bcba49ae2006ab35"}
,"/mnt/c/Users/Student/401/data-structures-and-algorithms401/Data Structuree/ll-zip/ll-zip.js": {"path":"/mnt/c/Users/Student/401/data-structures-and-algorithms401/Data Structuree/ll-zip/ll-zip.js","statementMap":{"0":{"start":{"line":3,"column":17},"end":{"line":48,"column":1}},"1":{"start":{"line":5,"column":13},"end":{"line":5,"column":23}},"2":{"start":{"line":6,"column":13},"end":{"line":6,"column":23}},"3":{"start":{"line":9,"column":2},"end":{"line":11,"column":3}},"4":{"start":{"line":10,"column":4},"end":{"line":10,"column":23}},"5":{"start":{"line":14,"column":2},"end":{"line":16,"column":3}},"6":{"start":{"line":15,"column":4},"end":{"line":15,"column":17}},"7":{"start":{"line":19,"column":2},"end":{"line":21,"column":3}},"8":{"start":{"line":20,"column":4},"end":{"line":20,"column":17}},"9":{"start":{"line":23,"column":2},"end":{"line":33,"column":3}},"10":{"start":{"line":24,"column":17},"end":{"line":24,"column":26}},"11":{"start":{"line":25,"column":4},"end":{"line":25,"column":21}},"12":{"start":{"line":27,"column":17},"end":{"line":27,"column":26}},"13":{"start":{"line":28,"column":4},"end":{"line":28,"column":28}},"14":{"start":{"line":30,"column":4},"end":{"line":30,"column":18}},"15":{"start":{"line":31,"column":4},"end":{"line":31,"column":18}},"16":{"start":{"line":36,"column":2},"end":{"line":38,"column":3}},"17":{"start":{"line":37,"column":4},"end":{"line":37,"column":21}},"18":{"start":{"line":41,"column":2},"end":{"line":43,"column":3}},"19":{"start":{"line":42,"column":4},"end":{"line":42,"column":21}},"20":{"start":{"line":45,"column":2},"end":{"line":45,"column":15}},"21":{"start":{"line":50,"column":0},"end":{"line":50,"column":26}}},"fnMap":{"0":{"name":"(anonymous_0)","decl":{"start":{"line":3,"column":17},"end":{"line":3,"column":18}},"loc":{"start":{"line":3,"column":35},"end":{"line":48,"column":1}},"line":3}},"branchMap":{"0":{"loc":{"start":{"line":9,"column":2},"end":{"line":11,"column":3}},"type":"if","locations":[{"start":{"line":9,"column":2},"end":{"line":11,"column":3}},{"start":{"line":9,"column":2},"end":{"line":11,"column":3}}],"line":9},"1":{"loc":{"start":{"line":9,"column":6},"end":{"line":9,"column":20}},"type":"binary-expr","locations":[{"start":{"line":9,"column":6},"end":{"line":9,"column":11}},{"start":{"line":9,"column":15},"end":{"line":9,"column":20}}],"line":9},"2":{"loc":{"start":{"line":14,"column":2},"end":{"line":16,"column":3}},"type":"if","locations":[{"start":{"line":14,"column":2},"end":{"line":16,"column":3}},{"start":{"line":14,"column":2},"end":{"line":16,"column":3}}],"line":14},"3":{"loc":{"start":{"line":19,"column":2},"end":{"line":21,"column":3}},"type":"if","locations":[{"start":{"line":19,"column":2},"end":{"line":21,"column":3}},{"start":{"line":19,"column":2},"end":{"line":21,"column":3}}],"line":19},"4":{"loc":{"start":{"line":23,"column":9},"end":{"line":23,"column":31}},"type":"binary-expr","locations":[{"start":{"line":23,"column":9},"end":{"line":23,"column":18}},{"start":{"line":23,"column":22},"end":{"line":23,"column":31}}],"line":23},"5":{"loc":{"start":{"line":36,"column":2},"end":{"line":38,"column":3}},"type":"if","locations":[{"start":{"line":36,"column":2},"end":{"line":38,"column":3}},{"start":{"line":36,"column":2},"end":{"line":38,"column":3}}],"line":36},"6":{"loc":{"start":{"line":36,"column":6},"end":{"line":36,"column":24}},"type":"binary-expr","locations":[{"start":{"line":36,"column":6},"end":{"line":36,"column":16}},{"start":{"line":36,"column":20},"end":{"line":36,"column":24}}],"line":36},"7":{"loc":{"start":{"line":41,"column":2},"end":{"line":43,"column":3}},"type":"if","locations":[{"start":{"line":41,"column":2},"end":{"line":43,"column":3}},{"start":{"line":41,"column":2},"end":{"line":43,"column":3}}],"line":41},"8":{"loc":{"start":{"line":41,"column":5},"end":{"line":41,"column":28}},"type":"binary-expr","locations":[{"start":{"line":41,"column":5},"end":{"line":41,"column":14}},{"start":{"line":41,"column":18},"end":{"line":41,"column":28}}],"line":41}},"s":{"0":1,"1":3,"2":3,"3":3,"4":3,"5":0,"6":0,"7":0,"8":0,"9":0,"10":0,"11":0,"12":0,"13":0,"14":0,"15":0,"16":0,"17":0,"18":0,"19":0,"20":0,"21":1},"f":{"0":3},"b":{"0":[3,0],"1":[3,3],"2":[0,0],"3":[0,0],"4":[0,0],"5":[0,0],"6":[0,0],"7":[0,0],"8":[0,0]},"_coverageSchema":"1a1c01bbd47fc00a2c39e90264f33305004495a9","hash":"22fc7d459f062747c5d0ff3fb65967a52fd6e921"}
,"/mnt/c/Users/Student/401/data-structures-and-algorithms401/Data Structuree/stacksAndQueues/stacks.js": {"path":"/mnt/c/Users/Student/401/data-structures-and-algorithms401/Data Structuree/stacksAndQueues/stacks.js","statementMap":{"0":{"start":{"line":6,"column":8},"end":{"line":6,"column":25}},"1":{"start":{"line":7,"column":8},"end":{"line":7,"column":23}},"2":{"start":{"line":13,"column":8},"end":{"line":13,"column":22}},"3":{"start":{"line":17,"column":8},"end":{"line":17,"column":43}},"4":{"start":{"line":21,"column":8},"end":{"line":23,"column":11}},"5":{"start":{"line":22,"column":12},"end":{"line":22,"column":54}},"6":{"start":{"line":26,"column":19},"end":{"line":26,"column":39}},"7":{"start":{"line":27,"column":8},"end":{"line":27,"column":35}},"8":{"start":{"line":28,"column":8},"end":{"line":28,"column":20}},"9":{"start":{"line":35,"column":8},"end":{"line":37,"column":11}},"10":{"start":{"line":36,"column":12},"end":{"line":36,"column":54}},"11":{"start":{"line":39,"column":8},"end":{"line":39,"column":24}},"12":{"start":{"line":43,"column":8},"end":{"line":45,"column":9}},"13":{"start":{"line":44,"column":10},"end":{"line":44,"column":22}},"14":{"start":{"line":46,"column":8},"end":{"line":46,"column":22}},"15":{"start":{"line":52,"column":8},"end":{"line":52,"column":35}},"16":{"start":{"line":53,"column":8},"end":{"line":53,"column":26}},"17":{"start":{"line":54,"column":8},"end":{"line":54,"column":25}},"18":{"start":{"line":58,"column":18},"end":{"line":58,"column":47}},"19":{"start":{"line":62,"column":8},"end":{"line":64,"column":9}},"20":{"start":{"line":63,"column":10},"end":{"line":63,"column":41}},"21":{"start":{"line":65,"column":21},"end":{"line":65,"column":41}},"22":{"start":{"line":66,"column":8},"end":{"line":66,"column":37}},"23":{"start":{"line":67,"column":8},"end":{"line":67,"column":28}},"24":{"start":{"line":71,"column":8},"end":{"line":73,"column":9}},"25":{"start":{"line":72,"column":10},"end":{"line":72,"column":41}},"26":{"start":{"line":74,"column":8},"end":{"line":74,"column":32}},"27":{"start":{"line":80,"column":8},"end":{"line":82,"column":9}},"28":{"start":{"line":81,"column":10},"end":{"line":81,"column":23}},"29":{"start":{"line":84,"column":8},"end":{"line":84,"column":20}},"30":{"start":{"line":90,"column":0},"end":{"line":90,"column":21}},"31":{"start":{"line":91,"column":0},"end":{"line":91,"column":20}},"32":{"start":{"line":92,"column":0},"end":{"line":92,"column":21}}},"fnMap":{"0":{"name":"(anonymous_0)","decl":{"start":{"line":5,"column":4},"end":{"line":5,"column":5}},"loc":{"start":{"line":5,"column":27},"end":{"line":8,"column":5}},"line":5},"1":{"name":"(anonymous_1)","decl":{"start":{"line":12,"column":4},"end":{"line":12,"column":5}},"loc":{"start":{"line":12,"column":17},"end":{"line":14,"column":5}},"line":12},"2":{"name":"(anonymous_2)","decl":{"start":{"line":16,"column":4},"end":{"line":16,"column":5}},"loc":{"start":{"line":16,"column":14},"end":{"line":18,"column":5}},"line":16},"3":{"name":"(anonymous_3)","decl":{"start":{"line":20,"column":4},"end":{"line":20,"column":5}},"loc":{"start":{"line":20,"column":9},"end":{"line":30,"column":5}},"line":20},"4":{"name":"(anonymous_4)","decl":{"start":{"line":32,"column":4},"end":{"line":32,"column":5}},"loc":{"start":{"line":32,"column":10},"end":{"line":40,"column":5}},"line":32},"5":{"name":"(anonymous_5)","decl":{"start":{"line":42,"column":4},"end":{"line":42,"column":5}},"loc":{"start":{"line":42,"column":13},"end":{"line":47,"column":7}},"line":42},"6":{"name":"(anonymous_6)","decl":{"start":{"line":51,"column":4},"end":{"line":51,"column":5}},"loc":{"start":{"line":51,"column":17},"end":{"line":55,"column":5}},"line":51},"7":{"name":"(anonymous_7)","decl":{"start":{"line":57,"column":4},"end":{"line":57,"column":5}},"loc":{"start":{"line":57,"column":18},"end":{"line":59,"column":5}},"line":57},"8":{"name":"(anonymous_8)","decl":{"start":{"line":61,"column":4},"end":{"line":61,"column":5}},"loc":{"start":{"line":61,"column":13},"end":{"line":68,"column":7}},"line":61},"9":{"name":"(anonymous_9)","decl":{"start":{"line":70,"column":4},"end":{"line":70,"column":5}},"loc":{"start":{"line":70,"column":10},"end":{"line":76,"column":7}},"line":70},"10":{"name":"(anonymous_10)","decl":{"start":{"line":78,"column":6},"end":{"line":78,"column":7}},"loc":{"start":{"line":78,"column":16},"end":{"line":86,"column":7}},"line":78}},"branchMap":{"0":{"loc":{"start":{"line":21,"column":8},"end":{"line":23,"column":11}},"type":"if","locations":[{"start":{"line":21,"column":8},"end":{"line":23,"column":11}},{"start":{"line":21,"column":8},"end":{"line":23,"column":11}}],"line":21},"1":{"loc":{"start":{"line":35,"column":8},"end":{"line":37,"column":11}},"type":"if","locations":[{"start":{"line":35,"column":8},"end":{"line":37,"column":11}},{"start":{"line":35,"column":8},"end":{"line":37,"column":11}}],"line":35},"2":{"loc":{"start":{"line":43,"column":8},"end":{"line":45,"column":9}},"type":"if","locations":[{"start":{"line":43,"column":8},"end":{"line":45,"column":9}},{"start":{"line":43,"column":8},"end":{"line":45,"column":9}}],"line":43},"3":{"loc":{"start":{"line":62,"column":8},"end":{"line":64,"column":9}},"type":"if","locations":[{"start":{"line":62,"column":8},"end":{"line":64,"column":9}},{"start":{"line":62,"column":8},"end":{"line":64,"column":9}}],"line":62},"4":{"loc":{"start":{"line":71,"column":8},"end":{"line":73,"column":9}},"type":"if","locations":[{"start":{"line":71,"column":8},"end":{"line":73,"column":9}},{"start":{"line":71,"column":8},"end":{"line":73,"column":9}}],"line":71},"5":{"loc":{"start":{"line":80,"column":8},"end":{"line":82,"column":9}},"type":"if","locations":[{"start":{"line":80,"column":8},"end":{"line":82,"column":9}},{"start":{"line":80,"column":8},"end":{"line":82,"column":9}}],"line":80}},"s":{"0":13,"1":13,"2":0,"3":0,"4":0,"5":0,"6":0,"7":0,"8":0,"9":0,"10":0,"11":0,"12":0,"13":0,"14":0,"15":13,"16":13,"17":13,"18":13,"19":7,"20":7,"21":0,"22":0,"23":0,"24":3,"25":3,"26":0,"27":2,"28":0,"29":2,"30":1,"31":1,"32":1},"f":{"0":13,"1":0,"2":0,"3":0,"4":0,"5":0,"6":13,"7":13,"8":7,"9":3,"10":2},"b":{"0":[0,0],"1":[0,0],"2":[0,0],"3":[7,0],"4":[3,0],"5":[0,2]},"_coverageSchema":"1a1c01bbd47fc00a2c39e90264f33305004495a9","hash":"8a171eeda6c6ff3a70b96c13b74c7d59672722a4"}
,"/mnt/c/Users/Student/401/data-structures-and-algorithms401/array-shift/array-shift.js": {"path":"/mnt/c/Users/Student/401/data-structures-and-algorithms401/array-shift/array-shift.js","statementMap":{"0":{"start":{"line":30,"column":14},"end":{"line":30,"column":16}},"1":{"start":{"line":31,"column":24},"end":{"line":31,"column":50}},"2":{"start":{"line":33,"column":4},"end":{"line":43,"column":5}},"3":{"start":{"line":33,"column":14},"end":{"line":33,"column":15}},"4":{"start":{"line":34,"column":8},"end":{"line":36,"column":9}},"5":{"start":{"line":35,"column":12},"end":{"line":35,"column":30}},"6":{"start":{"line":37,"column":8},"end":{"line":39,"column":9}},"7":{"start":{"line":38,"column":12},"end":{"line":38,"column":27}},"8":{"start":{"line":40,"column":8},"end":{"line":42,"column":9}},"9":{"start":{"line":41,"column":12},"end":{"line":41,"column":30}},"10":{"start":{"line":45,"column":0},"end":{"line":45,"column":29}}},"fnMap":{"0":{"name":"insertArray","decl":{"start":{"line":29,"column":9},"end":{"line":29,"column":20}},"loc":{"start":{"line":29,"column":31},"end":{"line":44,"column":1}},"line":29}},"branchMap":{"0":{"loc":{"start":{"line":34,"column":8},"end":{"line":36,"column":9}},"type":"if","locations":[{"start":{"line":34,"column":8},"end":{"line":36,"column":9}},{"start":{"line":34,"column":8},"end":{"line":36,"column":9}}],"line":34},"1":{"loc":{"start":{"line":37,"column":8},"end":{"line":39,"column":9}},"type":"if","locations":[{"start":{"line":37,"column":8},"end":{"line":39,"column":9}},{"start":{"line":37,"column":8},"end":{"line":39,"column":9}}],"line":37},"2":{"loc":{"start":{"line":40,"column":8},"end":{"line":42,"column":9}},"type":"if","locations":[{"start":{"line":40,"column":8},"end":{"line":42,"column":9}},{"start":{"line":40,"column":8},"end":{"line":42,"column":9}}],"line":40}},"s":{"0":0,"1":0,"2":0,"3":0,"4":0,"5":0,"6":0,"7":0,"8":0,"9":0,"10":1},"f":{"0":0},"b":{"0":[0,0],"1":[0,0],"2":[0,0]},"_coverageSchema":"1a1c01bbd47fc00a2c39e90264f33305004495a9","hash":"bf8af40cce8ea4e06aed54869f2ed1cdbe858fb5"}
,"/mnt/c/Users/Student/401/data-structures-and-algorithms401/fifoShelterAnimal/fifo-animal-shelter.js": {"path":"/mnt/c/Users/Student/401/data-structures-and-algorithms401/fifoShelterAnimal/fifo-animal-shelter.js","statementMap":{"0":{"start":{"line":5,"column":8},"end":{"line":5,"column":26}},"1":{"start":{"line":6,"column":8},"end":{"line":6,"column":23}},"2":{"start":{"line":11,"column":0},"end":{"line":11,"column":19}},"3":{"start":{"line":12,"column":0},"end":{"line":12,"column":17}},"4":{"start":{"line":16,"column":0},"end":{"line":21,"column":1}},"5":{"start":{"line":17,"column":18},"end":{"line":17,"column":39}},"6":{"start":{"line":18,"column":4},"end":{"line":18,"column":24}},"7":{"start":{"line":19,"column":4},"end":{"line":19,"column":24}},"8":{"start":{"line":20,"column":4},"end":{"line":20,"column":11}},"9":{"start":{"line":23,"column":11},"end":{"line":23,"column":32}},"10":{"start":{"line":24,"column":0},"end":{"line":24,"column":25}},"11":{"start":{"line":25,"column":0},"end":{"line":25,"column":18}},"12":{"start":{"line":29,"column":0},"end":{"line":31,"column":1}},"13":{"start":{"line":30,"column":4},"end":{"line":30,"column":30}},"14":{"start":{"line":33,"column":14},"end":{"line":33,"column":24}},"15":{"start":{"line":36,"column":0},"end":{"line":39,"column":1}},"16":{"start":{"line":37,"column":4},"end":{"line":37,"column":22}},"17":{"start":{"line":38,"column":4},"end":{"line":38,"column":25}},"18":{"start":{"line":42,"column":0},"end":{"line":44,"column":1}},"19":{"start":{"line":43,"column":4},"end":{"line":43,"column":16}},"20":{"start":{"line":46,"column":0},"end":{"line":49,"column":1}},"21":{"start":{"line":47,"column":4},"end":{"line":47,"column":32}},"22":{"start":{"line":48,"column":4},"end":{"line":48,"column":25}},"23":{"start":{"line":51,"column":0},"end":{"line":56,"column":1}},"24":{"start":{"line":52,"column":4},"end":{"line":54,"column":5}},"25":{"start":{"line":53,"column":8},"end":{"line":53,"column":37}},"26":{"start":{"line":55,"column":4},"end":{"line":55,"column":28}},"27":{"start":{"line":58,"column":0},"end":{"line":60,"column":1}},"28":{"start":{"line":59,"column":4},"end":{"line":59,"column":16}},"29":{"start":{"line":63,"column":0},"end":{"line":63,"column":31}}},"fnMap":{"0":{"name":"(anonymous_0)","decl":{"start":{"line":4,"column":4},"end":{"line":4,"column":5}},"loc":{"start":{"line":4,"column":27},"end":{"line":7,"column":5}},"line":4},"1":{"name":"(anonymous_1)","decl":{"start":{"line":10,"column":4},"end":{"line":10,"column":5}},"loc":{"start":{"line":10,"column":17},"end":{"line":13,"column":5}},"line":10},"2":{"name":"(anonymous_2)","decl":{"start":{"line":15,"column":4},"end":{"line":15,"column":5}},"loc":{"start":{"line":15,"column":19},"end":{"line":26,"column":5}},"line":15},"3":{"name":"(anonymous_3)","decl":{"start":{"line":28,"column":4},"end":{"line":28,"column":5}},"loc":{"start":{"line":28,"column":17},"end":{"line":61,"column":5}},"line":28}},"branchMap":{"0":{"loc":{"start":{"line":16,"column":0},"end":{"line":21,"column":1}},"type":"if","locations":[{"start":{"line":16,"column":0},"end":{"line":21,"column":1}},{"start":{"line":16,"column":0},"end":{"line":21,"column":1}}],"line":16},"1":{"loc":{"start":{"line":29,"column":0},"end":{"line":31,"column":1}},"type":"if","locations":[{"start":{"line":29,"column":0},"end":{"line":31,"column":1}},{"start":{"line":29,"column":0},"end":{"line":31,"column":1}}],"line":29},"2":{"loc":{"start":{"line":36,"column":0},"end":{"line":39,"column":1}},"type":"if","locations":[{"start":{"line":36,"column":0},"end":{"line":39,"column":1}},{"start":{"line":36,"column":0},"end":{"line":39,"column":1}}],"line":36},"3":{"loc":{"start":{"line":36,"column":3},"end":{"line":36,"column":49}},"type":"binary-expr","locations":[{"start":{"line":36,"column":3},"end":{"line":36,"column":19}},{"start":{"line":36,"column":23},"end":{"line":36,"column":49}}],"line":36},"4":{"loc":{"start":{"line":42,"column":0},"end":{"line":44,"column":1}},"type":"if","locations":[{"start":{"line":42,"column":0},"end":{"line":44,"column":1}},{"start":{"line":42,"column":0},"end":{"line":44,"column":1}}],"line":42},"5":{"loc":{"start":{"line":42,"column":3},"end":{"line":42,"column":49}},"type":"binary-expr","locations":[{"start":{"line":42,"column":3},"end":{"line":42,"column":19}},{"start":{"line":42,"column":23},"end":{"line":42,"column":49}}],"line":42},"6":{"loc":{"start":{"line":46,"column":0},"end":{"line":49,"column":1}},"type":"if","locations":[{"start":{"line":46,"column":0},"end":{"line":49,"column":1}},{"start":{"line":46,"column":0},"end":{"line":49,"column":1}}],"line":46},"7":{"loc":{"start":{"line":46,"column":3},"end":{"line":46,"column":47}},"type":"binary-expr","locations":[{"start":{"line":46,"column":3},"end":{"line":46,"column":18}},{"start":{"line":46,"column":22},"end":{"line":46,"column":47}}],"line":46},"8":{"loc":{"start":{"line":51,"column":0},"end":{"line":56,"column":1}},"type":"if","locations":[{"start":{"line":51,"column":0},"end":{"line":56,"column":1}},{"start":{"line":51,"column":0},"end":{"line":56,"column":1}}],"line":51},"9":{"loc":{"start":{"line":51,"column":3},"end":{"line":51,"column":47}},"type":"binary-expr","locations":[{"start":{"line":51,"column":3},"end":{"line":51,"column":18}},{"start":{"line":51,"column":22},"end":{"line":51,"column":47}}],"line":51},"10":{"loc":{"start":{"line":58,"column":0},"end":{"line":60,"column":1}},"type":"if","locations":[{"start":{"line":58,"column":0},"end":{"line":60,"column":1}},{"start":{"line":58,"column":0},"end":{"line":60,"column":1}}],"line":58},"11":{"loc":{"start":{"line":58,"column":3},"end":{"line":58,"column":37}},"type":"binary-expr","locations":[{"start":{"line":58,"column":3},"end":{"line":58,"column":18}},{"start":{"line":58,"column":22},"end":{"line":58,"column":37}}],"line":58}},"s":{"0":8,"1":8,"2":0,"3":0,"4":8,"5":6,"6":6,"7":6,"8":6,"9":2,"10":2,"11":0,"12":5,"13":2,"14":3,"15":3,"16":0,"17":0,"18":0,"19":0,"20":0,"21":0,"22":0,"23":0,"24":0,"25":0,"26":0,"27":0,"28":0,"29":1},"f":{"0":8,"1":0,"2":8,"3":5},"b":{"0":[6,2],"1":[2,3],"2":[0,0],"3":[3,3],"4":[0,0],"5":[0,0],"6":[0,0],"7":[0,0],"8":[0,0],"9":[0,0],"10":[0,0],"11":[0,0]},"_coverageSchema":"1a1c01bbd47fc00a2c39e90264f33305004495a9","hash":"088d026bf4849c760fcf2a2e75b515e684d18dbf"}
}
